This file contains any messages produced by compilers while
running configure, to aid debugging if configure makes a mistake.

It was created by configure, which was
generated by GNU Autoconf 2.59.  Invocation command line was

  $ ./configure --includedir /usr/include/netpbm

## --------- ##
## Platform. ##
## --------- ##

hostname = Chriss-Air
uname -m = arm64
uname -r = 20.1.0
uname -s = Darwin
uname -v = Darwin Kernel Version 20.1.0: Sat Oct 31 00:07:10 PDT 2020; root:xnu-7195.50.7~2/RELEASE_ARM64_T8101

/usr/bin/uname -p = arm
/bin/uname -X     = unknown

/bin/arch              = unknown
/usr/bin/arch -k       = unknown
/usr/convex/getsysinfo = unknown
hostinfo               = Mach kernel version:
	 Darwin Kernel Version 20.1.0: Sat Oct 31 00:07:10 PDT 2020; root:xnu-7195.50.7~2/RELEASE_ARM64_T8101
Kernel configured for up to 8 processors.
8 processors are physically available.
8 processors are logically available.
Processor type: arm64e (ARM64E)
Processors active: 0 1 2 3 4 5 6 7
Primary memory available: 8.00 gigabytes
Default processor set: 489 tasks, 2067 threads, 8 processors
Load average: 2.41, Mach factor: 5.58
/bin/machine           = unknown
/usr/bin/oslevel       = unknown
/bin/universe          = unknown

PATH: /Users/chrisrorden/opt/miniconda3/bin
PATH: /Users/chrisrorden/opt/miniconda3/condabin
PATH: /opt/homebrew/bin
PATH: /usr/local/bin
PATH: /Users/chrisrorden/fsl/bin
PATH: /opt/local/lib
PATH: /opt/local/bin
PATH: /opt/local/sbin
PATH: /Library/Frameworks/Python.framework/Versions/3.9/bin
PATH: /usr/local/bin
PATH: /usr/bin
PATH: /bin
PATH: /usr/sbin
PATH: /sbin
PATH: /opt/X11/bin
PATH: /Library/Apple/usr/bin
PATH: /Users/chrisrorden/abin


## ----------- ##
## Core tests. ##
## ----------- ##

configure:1580: checking for a BSD-compatible install
configure:1635: result: /usr/bin/install -c
configure:1646: checking whether build environment is sane
configure:1689: result: yes
configure:1754: checking for gawk
configure:1783: result: no
configure:1754: checking for mawk
configure:1783: result: no
configure:1754: checking for nawk
configure:1783: result: no
configure:1754: checking for awk
configure:1770: found /usr/bin/awk
configure:1780: result: awk
configure:1790: checking whether make sets $(MAKE)
configure:1810: result: yes
configure:2078: checking build system type
configure:2096: result: arm-apple-darwin20.1.0
configure:2104: checking host system type
configure:2118: result: arm-apple-darwin20.1.0
configure:2138: checking for style of include used by make
configure:2166: result: GNU
configure:2237: checking for gcc
configure:2253: found /usr/bin/gcc
configure:2263: result: gcc
configure:2507: checking for C compiler version
configure:2510: gcc --version </dev/null >&5
Configured with: --prefix=/Applications/Xcode-beta.app/Contents/Developer/usr --with-gxx-include-dir=/Applications/Xcode-beta.app/Contents/Developer/Platforms/MacOSX.platform/Developer/SDKs/MacOSX.sdk/usr/include/c++/4.2.1
Apple clang version 12.0.0 (clang-1200.0.32.28)
Target: arm64-apple-darwin20.1.0
Thread model: posix
InstalledDir: /Applications/Xcode-beta.app/Contents/Developer/Toolchains/XcodeDefault.xctoolchain/usr/bin
configure:2513: $? = 0
configure:2515: gcc -v </dev/null >&5
Configured with: --prefix=/Applications/Xcode-beta.app/Contents/Developer/usr --with-gxx-include-dir=/Applications/Xcode-beta.app/Contents/Developer/Platforms/MacOSX.platform/Developer/SDKs/MacOSX.sdk/usr/include/c++/4.2.1
Apple clang version 12.0.0 (clang-1200.0.32.28)
Target: arm64-apple-darwin20.1.0
Thread model: posix
InstalledDir: /Applications/Xcode-beta.app/Contents/Developer/Toolchains/XcodeDefault.xctoolchain/usr/bin
configure:2518: $? = 0
configure:2520: gcc -V </dev/null >&5
clang: error: argument to '-V' is missing (expected 1 value)
clang: error: no input files
configure:2523: $? = 1
configure:2546: checking for C compiler default output file name
configure:2549: gcc    conftest.c  >&5
configure:2552: $? = 0
configure:2598: result: a.out
configure:2603: checking whether the C compiler works
configure:2609: ./a.out
configure:2612: $? = 0
configure:2629: result: yes
configure:2636: checking whether we are cross compiling
configure:2638: result: no
configure:2641: checking for suffix of executables
configure:2643: gcc -o conftest    conftest.c  >&5
configure:2646: $? = 0
configure:2671: result: 
configure:2677: checking for suffix of object files
configure:2698: gcc -c   conftest.c >&5
configure:2701: $? = 0
configure:2723: result: o
configure:2727: checking whether we are using the GNU C compiler
configure:2751: gcc -c   conftest.c >&5
configure:2757: $? = 0
configure:2761: test -z 
			 || test ! -s conftest.err
configure:2764: $? = 0
configure:2767: test -s conftest.o
configure:2770: $? = 0
configure:2783: result: yes
configure:2789: checking whether gcc accepts -g
configure:2810: gcc -c -g  conftest.c >&5
configure:2816: $? = 0
configure:2820: test -z 
			 || test ! -s conftest.err
configure:2823: $? = 0
configure:2826: test -s conftest.o
configure:2829: $? = 0
configure:2840: result: yes
configure:2857: checking for gcc option to accept ANSI C
configure:2927: gcc  -c -g -O2  conftest.c >&5
configure:2933: $? = 0
configure:2937: test -z 
			 || test ! -s conftest.err
configure:2940: $? = 0
configure:2943: test -s conftest.o
configure:2946: $? = 0
configure:2964: result: none needed
configure:2982: gcc -c -g -O2  conftest.c >&5
conftest.c:2:3: error: unknown type name 'choke'
  choke me
  ^
conftest.c:2:11: error: expected ';' after top level declarator
  choke me
          ^
          ;
2 errors generated.
configure:2988: $? = 1
configure: failed program was:
| #ifndef __cplusplus
|   choke me
| #endif
configure:3123: checking dependency style of gcc
configure:3213: result: gcc3
configure:3230: checking for a sed that does not truncate output
configure:3284: result: /usr/bin/sed
configure:3287: checking for egrep
configure:3297: result: grep -E
configure:3313: checking for ld used by gcc
configure:3380: result: /Applications/Xcode-beta.app/Contents/Developer/Toolchains/XcodeDefault.xctoolchain/usr/bin/ld
configure:3389: checking if the linker (/Applications/Xcode-beta.app/Contents/Developer/Toolchains/XcodeDefault.xctoolchain/usr/bin/ld) is GNU ld
configure:3404: result: no
configure:3409: checking for /Applications/Xcode-beta.app/Contents/Developer/Toolchains/XcodeDefault.xctoolchain/usr/bin/ld option to reload object files
configure:3416: result: -r
configure:3434: checking for BSD-compatible nm
configure:3476: result: /usr/bin/nm -B
configure:3480: checking whether ln -s works
configure:3484: result: yes
configure:3491: checking how to recognise dependent libraries
configure:3663: result: pass_all
configure:3877: checking how to run the C preprocessor
configure:3912: gcc -E  conftest.c
configure:3918: $? = 0
configure:3950: gcc -E  conftest.c
conftest.c:14:10: fatal error: 'ac_nonexistent.h' file not found
#include <ac_nonexistent.h>
         ^~~~~~~~~~~~~~~~~~
1 error generated.
configure:3956: $? = 1
configure: failed program was:
| /* confdefs.h.  */
| 
| #define PACKAGE_NAME ""
| #define PACKAGE_TARNAME ""
| #define PACKAGE_VERSION ""
| #define PACKAGE_STRING ""
| #define PACKAGE_BUGREPORT ""
| #define GTS_MAJOR_VERSION 0
| #define GTS_MINOR_VERSION 7
| #define GTS_MICRO_VERSION 4
| #define GTS_INTERFACE_AGE 0
| #define GTS_BINARY_AGE 0
| /* end confdefs.h.  */
| #include <ac_nonexistent.h>
configure:3995: result: gcc -E
configure:4019: gcc -E  conftest.c
configure:4025: $? = 0
configure:4057: gcc -E  conftest.c
conftest.c:14:10: fatal error: 'ac_nonexistent.h' file not found
#include <ac_nonexistent.h>
         ^~~~~~~~~~~~~~~~~~
1 error generated.
configure:4063: $? = 1
configure: failed program was:
| /* confdefs.h.  */
| 
| #define PACKAGE_NAME ""
| #define PACKAGE_TARNAME ""
| #define PACKAGE_VERSION ""
| #define PACKAGE_STRING ""
| #define PACKAGE_BUGREPORT ""
| #define GTS_MAJOR_VERSION 0
| #define GTS_MINOR_VERSION 7
| #define GTS_MICRO_VERSION 4
| #define GTS_INTERFACE_AGE 0
| #define GTS_BINARY_AGE 0
| /* end confdefs.h.  */
| #include <ac_nonexistent.h>
configure:4107: checking for ANSI C header files
configure:4132: gcc -c -g -O2  conftest.c >&5
configure:4138: $? = 0
configure:4142: test -z 
			 || test ! -s conftest.err
configure:4145: $? = 0
configure:4148: test -s conftest.o
configure:4151: $? = 0
configure:4240: gcc -o conftest -g -O2   conftest.c  >&5
conftest.c:31:7: error: implicitly declaring library function 'exit' with type 'void (int) __attribute__((noreturn))' [-Werror,-Wimplicit-function-declaration]
      exit(2);
      ^
conftest.c:31:7: note: include the header <stdlib.h> or explicitly provide a declaration for 'exit'
1 error generated.
configure:4243: $? = 1
configure: program exited with status 1
configure: failed program was:
| /* confdefs.h.  */
| 
| #define PACKAGE_NAME ""
| #define PACKAGE_TARNAME ""
| #define PACKAGE_VERSION ""
| #define PACKAGE_STRING ""
| #define PACKAGE_BUGREPORT ""
| #define GTS_MAJOR_VERSION 0
| #define GTS_MINOR_VERSION 7
| #define GTS_MICRO_VERSION 4
| #define GTS_INTERFACE_AGE 0
| #define GTS_BINARY_AGE 0
| /* end confdefs.h.  */
| #include <ctype.h>
| #if ((' ' & 0x0FF) == 0x020)
| # define ISLOWER(c) ('a' <= (c) && (c) <= 'z')
| # define TOUPPER(c) (ISLOWER(c) ? 'A' + ((c) - 'a') : (c))
| #else
| # define ISLOWER(c) 		   (('a' <= (c) && (c) <= 'i') 		     || ('j' <= (c) && (c) <= 'r') 		     || ('s' <= (c) && (c) <= 'z'))
| # define TOUPPER(c) (ISLOWER(c) ? ((c) | 0x40) : (c))
| #endif
| 
| #define XOR(e, f) (((e) && !(f)) || (!(e) && (f)))
| int
| main ()
| {
|   int i;
|   for (i = 0; i < 256; i++)
|     if (XOR (islower (i), ISLOWER (i))
| 	|| toupper (i) != TOUPPER (i))
|       exit(2);
|   exit (0);
| }
configure:4263: result: no
configure:4287: checking for sys/types.h
configure:4303: gcc -c -g -O2  conftest.c >&5
configure:4309: $? = 0
configure:4313: test -z 
			 || test ! -s conftest.err
configure:4316: $? = 0
configure:4319: test -s conftest.o
configure:4322: $? = 0
configure:4333: result: yes
configure:4287: checking for sys/stat.h
configure:4303: gcc -c -g -O2  conftest.c >&5
configure:4309: $? = 0
configure:4313: test -z 
			 || test ! -s conftest.err
configure:4316: $? = 0
configure:4319: test -s conftest.o
configure:4322: $? = 0
configure:4333: result: yes
configure:4287: checking for stdlib.h
configure:4303: gcc -c -g -O2  conftest.c >&5
configure:4309: $? = 0
configure:4313: test -z 
			 || test ! -s conftest.err
configure:4316: $? = 0
configure:4319: test -s conftest.o
configure:4322: $? = 0
configure:4333: result: yes
configure:4287: checking for string.h
configure:4303: gcc -c -g -O2  conftest.c >&5
configure:4309: $? = 0
configure:4313: test -z 
			 || test ! -s conftest.err
configure:4316: $? = 0
configure:4319: test -s conftest.o
configure:4322: $? = 0
configure:4333: result: yes
configure:4287: checking for memory.h
configure:4303: gcc -c -g -O2  conftest.c >&5
configure:4309: $? = 0
configure:4313: test -z 
			 || test ! -s conftest.err
configure:4316: $? = 0
configure:4319: test -s conftest.o
configure:4322: $? = 0
configure:4333: result: yes
configure:4287: checking for strings.h
configure:4303: gcc -c -g -O2  conftest.c >&5
configure:4309: $? = 0
configure:4313: test -z 
			 || test ! -s conftest.err
configure:4316: $? = 0
configure:4319: test -s conftest.o
configure:4322: $? = 0
configure:4333: result: yes
configure:4287: checking for inttypes.h
configure:4303: gcc -c -g -O2  conftest.c >&5
configure:4309: $? = 0
configure:4313: test -z 
			 || test ! -s conftest.err
configure:4316: $? = 0
configure:4319: test -s conftest.o
configure:4322: $? = 0
configure:4333: result: yes
configure:4287: checking for stdint.h
configure:4303: gcc -c -g -O2  conftest.c >&5
configure:4309: $? = 0
configure:4313: test -z 
			 || test ! -s conftest.err
configure:4316: $? = 0
configure:4319: test -s conftest.o
configure:4322: $? = 0
configure:4333: result: yes
configure:4287: checking for unistd.h
configure:4303: gcc -c -g -O2  conftest.c >&5
configure:4309: $? = 0
configure:4313: test -z 
			 || test ! -s conftest.err
configure:4316: $? = 0
configure:4319: test -s conftest.o
configure:4322: $? = 0
configure:4333: result: yes
configure:4359: checking dlfcn.h usability
configure:4371: gcc -c -g -O2  conftest.c >&5
configure:4377: $? = 0
configure:4381: test -z 
			 || test ! -s conftest.err
configure:4384: $? = 0
configure:4387: test -s conftest.o
configure:4390: $? = 0
configure:4400: result: yes
configure:4404: checking dlfcn.h presence
configure:4414: gcc -E  conftest.c
configure:4420: $? = 0
configure:4440: result: yes
configure:4475: checking for dlfcn.h
configure:4482: result: yes
configure:4547: checking for g++
configure:4563: found /usr/bin/g++
configure:4573: result: g++
configure:4589: checking for C++ compiler version
configure:4592: g++ --version </dev/null >&5
Configured with: --prefix=/Applications/Xcode-beta.app/Contents/Developer/usr --with-gxx-include-dir=/Applications/Xcode-beta.app/Contents/Developer/Platforms/MacOSX.platform/Developer/SDKs/MacOSX.sdk/usr/include/c++/4.2.1
Apple clang version 12.0.0 (clang-1200.0.32.28)
Target: arm64-apple-darwin20.1.0
Thread model: posix
InstalledDir: /Applications/Xcode-beta.app/Contents/Developer/Toolchains/XcodeDefault.xctoolchain/usr/bin
configure:4595: $? = 0
configure:4597: g++ -v </dev/null >&5
Configured with: --prefix=/Applications/Xcode-beta.app/Contents/Developer/usr --with-gxx-include-dir=/Applications/Xcode-beta.app/Contents/Developer/Platforms/MacOSX.platform/Developer/SDKs/MacOSX.sdk/usr/include/c++/4.2.1
Apple clang version 12.0.0 (clang-1200.0.32.28)
Target: arm64-apple-darwin20.1.0
Thread model: posix
InstalledDir: /Applications/Xcode-beta.app/Contents/Developer/Toolchains/XcodeDefault.xctoolchain/usr/bin
configure:4600: $? = 0
configure:4602: g++ -V </dev/null >&5
clang: error: argument to '-V' is missing (expected 1 value)
clang: error: no input files
configure:4605: $? = 1
configure:4608: checking whether we are using the GNU C++ compiler
configure:4632: g++ -c   conftest.cc >&5
configure:4638: $? = 0
configure:4642: test -z 
			 || test ! -s conftest.err
configure:4645: $? = 0
configure:4648: test -s conftest.o
configure:4651: $? = 0
configure:4664: result: yes
configure:4670: checking whether g++ accepts -g
configure:4691: g++ -c -g  conftest.cc >&5
configure:4697: $? = 0
configure:4701: test -z 
			 || test ! -s conftest.err
configure:4704: $? = 0
configure:4707: test -s conftest.o
configure:4710: $? = 0
configure:4721: result: yes
configure:4763: g++ -c -g -O2  conftest.cc >&5
configure:4769: $? = 0
configure:4773: test -z 
			 || test ! -s conftest.err
configure:4776: $? = 0
configure:4779: test -s conftest.o
configure:4782: $? = 0
configure:4808: g++ -c -g -O2  conftest.cc >&5
conftest.cc:28:1: error: use of undeclared identifier 'exit'
exit (42);
^
1 error generated.
configure:4814: $? = 1
configure: failed program was:
| /* confdefs.h.  */
| 
| #define PACKAGE_NAME ""
| #define PACKAGE_TARNAME ""
| #define PACKAGE_VERSION ""
| #define PACKAGE_STRING ""
| #define PACKAGE_BUGREPORT ""
| #define GTS_MAJOR_VERSION 0
| #define GTS_MINOR_VERSION 7
| #define GTS_MICRO_VERSION 4
| #define GTS_INTERFACE_AGE 0
| #define GTS_BINARY_AGE 0
| #define HAVE_SYS_TYPES_H 1
| #define HAVE_SYS_STAT_H 1
| #define HAVE_STDLIB_H 1
| #define HAVE_STRING_H 1
| #define HAVE_MEMORY_H 1
| #define HAVE_STRINGS_H 1
| #define HAVE_INTTYPES_H 1
| #define HAVE_STDINT_H 1
| #define HAVE_UNISTD_H 1
| #define HAVE_DLFCN_H 1
| /* end confdefs.h.  */
| 
| int
| main ()
| {
| exit (42);
|   ;
|   return 0;
| }
configure:4763: g++ -c -g -O2  conftest.cc >&5
conftest.cc:24:17: error: use of undeclared identifier 'std'
extern "C" void std::exit (int) throw (); using std::exit;
                ^
conftest.cc:24:49: error: use of undeclared identifier 'std'
extern "C" void std::exit (int) throw (); using std::exit;
                                                ^
2 errors generated.
configure:4769: $? = 1
configure: failed program was:
| /* confdefs.h.  */
| 
| #define PACKAGE_NAME ""
| #define PACKAGE_TARNAME ""
| #define PACKAGE_VERSION ""
| #define PACKAGE_STRING ""
| #define PACKAGE_BUGREPORT ""
| #define GTS_MAJOR_VERSION 0
| #define GTS_MINOR_VERSION 7
| #define GTS_MICRO_VERSION 4
| #define GTS_INTERFACE_AGE 0
| #define GTS_BINARY_AGE 0
| #define HAVE_SYS_TYPES_H 1
| #define HAVE_SYS_STAT_H 1
| #define HAVE_STDLIB_H 1
| #define HAVE_STRING_H 1
| #define HAVE_MEMORY_H 1
| #define HAVE_STRINGS_H 1
| #define HAVE_INTTYPES_H 1
| #define HAVE_STDINT_H 1
| #define HAVE_UNISTD_H 1
| #define HAVE_DLFCN_H 1
| /* end confdefs.h.  */
| extern "C" void std::exit (int) throw (); using std::exit;
| #include <stdlib.h>
| int
| main ()
| {
| exit (42);
|   ;
|   return 0;
| }
configure:4763: g++ -c -g -O2  conftest.cc >&5
conftest.cc:24:17: error: use of undeclared identifier 'std'
extern "C" void std::exit (int); using std::exit;
                ^
conftest.cc:24:40: error: use of undeclared identifier 'std'
extern "C" void std::exit (int); using std::exit;
                                       ^
2 errors generated.
configure:4769: $? = 1
configure: failed program was:
| /* confdefs.h.  */
| 
| #define PACKAGE_NAME ""
| #define PACKAGE_TARNAME ""
| #define PACKAGE_VERSION ""
| #define PACKAGE_STRING ""
| #define PACKAGE_BUGREPORT ""
| #define GTS_MAJOR_VERSION 0
| #define GTS_MINOR_VERSION 7
| #define GTS_MICRO_VERSION 4
| #define GTS_INTERFACE_AGE 0
| #define GTS_BINARY_AGE 0
| #define HAVE_SYS_TYPES_H 1
| #define HAVE_SYS_STAT_H 1
| #define HAVE_STDLIB_H 1
| #define HAVE_STRING_H 1
| #define HAVE_MEMORY_H 1
| #define HAVE_STRINGS_H 1
| #define HAVE_INTTYPES_H 1
| #define HAVE_STDINT_H 1
| #define HAVE_UNISTD_H 1
| #define HAVE_DLFCN_H 1
| /* end confdefs.h.  */
| extern "C" void std::exit (int); using std::exit;
| #include <stdlib.h>
| int
| main ()
| {
| exit (42);
|   ;
|   return 0;
| }
configure:4763: g++ -c -g -O2  conftest.cc >&5
In file included from conftest.cc:25:
In file included from /Applications/Xcode-beta.app/Contents/Developer/Toolchains/XcodeDefault.xctoolchain/usr/bin/../include/c++/v1/stdlib.h:97:
/Applications/Xcode-beta.app/Contents/Developer/Platforms/MacOSX.platform/Developer/SDKs/MacOSX.sdk/usr/include/stdlib.h:145:7: error: 'exit' is missing exception specification 'throw()'
void     exit(int) __dead2;
         ^
conftest.cc:24:17: note: previous declaration is here
extern "C" void exit (int) throw ();
                ^
1 error generated.
configure:4769: $? = 1
configure: failed program was:
| /* confdefs.h.  */
| 
| #define PACKAGE_NAME ""
| #define PACKAGE_TARNAME ""
| #define PACKAGE_VERSION ""
| #define PACKAGE_STRING ""
| #define PACKAGE_BUGREPORT ""
| #define GTS_MAJOR_VERSION 0
| #define GTS_MINOR_VERSION 7
| #define GTS_MICRO_VERSION 4
| #define GTS_INTERFACE_AGE 0
| #define GTS_BINARY_AGE 0
| #define HAVE_SYS_TYPES_H 1
| #define HAVE_SYS_STAT_H 1
| #define HAVE_STDLIB_H 1
| #define HAVE_STRING_H 1
| #define HAVE_MEMORY_H 1
| #define HAVE_STRINGS_H 1
| #define HAVE_INTTYPES_H 1
| #define HAVE_STDINT_H 1
| #define HAVE_UNISTD_H 1
| #define HAVE_DLFCN_H 1
| /* end confdefs.h.  */
| extern "C" void exit (int) throw ();
| #include <stdlib.h>
| int
| main ()
| {
| exit (42);
|   ;
|   return 0;
| }
configure:4763: g++ -c -g -O2  conftest.cc >&5
configure:4769: $? = 0
configure:4773: test -z 
			 || test ! -s conftest.err
configure:4776: $? = 0
configure:4779: test -s conftest.o
configure:4782: $? = 0
configure:4808: g++ -c -g -O2  conftest.cc >&5
configure:4814: $? = 0
configure:4818: test -z 
			 || test ! -s conftest.err
configure:4821: $? = 0
configure:4824: test -s conftest.o
configure:4827: $? = 0
configure:4852: checking dependency style of g++
configure:4942: result: gcc3
configure:4969: checking how to run the C++ preprocessor
configure:5000: g++ -E  conftest.cc
configure:5006: $? = 0
configure:5038: g++ -E  conftest.cc
conftest.cc:27:10: fatal error: 'ac_nonexistent.h' file not found
#include <ac_nonexistent.h>
         ^~~~~~~~~~~~~~~~~~
1 error generated.
configure:5044: $? = 1
configure: failed program was:
| /* confdefs.h.  */
| 
| #define PACKAGE_NAME ""
| #define PACKAGE_TARNAME ""
| #define PACKAGE_VERSION ""
| #define PACKAGE_STRING ""
| #define PACKAGE_BUGREPORT ""
| #define GTS_MAJOR_VERSION 0
| #define GTS_MINOR_VERSION 7
| #define GTS_MICRO_VERSION 4
| #define GTS_INTERFACE_AGE 0
| #define GTS_BINARY_AGE 0
| #define HAVE_SYS_TYPES_H 1
| #define HAVE_SYS_STAT_H 1
| #define HAVE_STDLIB_H 1
| #define HAVE_STRING_H 1
| #define HAVE_MEMORY_H 1
| #define HAVE_STRINGS_H 1
| #define HAVE_INTTYPES_H 1
| #define HAVE_STDINT_H 1
| #define HAVE_UNISTD_H 1
| #define HAVE_DLFCN_H 1
| #ifdef __cplusplus
| extern "C" void exit (int);
| #endif
| /* end confdefs.h.  */
| #include <ac_nonexistent.h>
configure:5083: result: g++ -E
configure:5107: g++ -E  conftest.cc
configure:5113: $? = 0
configure:5145: g++ -E  conftest.cc
conftest.cc:27:10: fatal error: 'ac_nonexistent.h' file not found
#include <ac_nonexistent.h>
         ^~~~~~~~~~~~~~~~~~
1 error generated.
configure:5151: $? = 1
configure: failed program was:
| /* confdefs.h.  */
| 
| #define PACKAGE_NAME ""
| #define PACKAGE_TARNAME ""
| #define PACKAGE_VERSION ""
| #define PACKAGE_STRING ""
| #define PACKAGE_BUGREPORT ""
| #define GTS_MAJOR_VERSION 0
| #define GTS_MINOR_VERSION 7
| #define GTS_MICRO_VERSION 4
| #define GTS_INTERFACE_AGE 0
| #define GTS_BINARY_AGE 0
| #define HAVE_SYS_TYPES_H 1
| #define HAVE_SYS_STAT_H 1
| #define HAVE_STDLIB_H 1
| #define HAVE_STRING_H 1
| #define HAVE_MEMORY_H 1
| #define HAVE_STRINGS_H 1
| #define HAVE_INTTYPES_H 1
| #define HAVE_STDINT_H 1
| #define HAVE_UNISTD_H 1
| #define HAVE_DLFCN_H 1
| #ifdef __cplusplus
| extern "C" void exit (int);
| #endif
| /* end confdefs.h.  */
| #include <ac_nonexistent.h>
configure:5248: checking for g77
configure:5277: result: no
configure:5248: checking for f77
configure:5277: result: no
configure:5248: checking for xlf
configure:5277: result: no
configure:5248: checking for frt
configure:5277: result: no
configure:5248: checking for pgf77
configure:5277: result: no
configure:5248: checking for fort77
configure:5277: result: no
configure:5248: checking for fl32
configure:5277: result: no
configure:5248: checking for af77
configure:5277: result: no
configure:5248: checking for f90
configure:5277: result: no
configure:5248: checking for xlf90
configure:5277: result: no
configure:5248: checking for pgf90
configure:5277: result: no
configure:5248: checking for epcf90
configure:5277: result: no
configure:5248: checking for f95
configure:5277: result: no
configure:5248: checking for fort
configure:5277: result: no
configure:5248: checking for xlf95
configure:5277: result: no
configure:5248: checking for ifc
configure:5277: result: no
configure:5248: checking for efc
configure:5277: result: no
configure:5248: checking for pgf95
configure:5277: result: no
configure:5248: checking for lf95
configure:5277: result: no
configure:5248: checking for gfortran
configure:5277: result: no
configure:5289: checking for Fortran 77 compiler version
configure:5292:  --version </dev/null >&5
./configure[5293]: eval: line 1: --version: not found
configure:5295: $? = 127
configure:5297:  -v </dev/null >&5
./configure[5298]: eval: line 1: -v: not found
configure:5300: $? = 127
configure:5302:  -V </dev/null >&5
./configure[5303]: eval: line 1: -V: not found
configure:5305: $? = 127
configure:5313: checking whether we are using the GNU Fortran 77 compiler
configure:5327:  -c  conftest.F >&5
./configure[5328]: eval: line 1: -c: not found
configure:5333: $? = 127
configure: failed program was:
|       program main
| #ifndef __GNUC__
|        choke me
| #endif
| 
|       end
configure:5359: result: no
configure:5365: checking whether  accepts -g
configure:5377:  -c -g conftest.f >&5
./configure[5378]: eval: line 1: -c: not found
configure:5383: $? = 127
configure: failed program was:
|       program main
| 
|       end
configure:5408: result: no
configure:5438: checking the maximum length of command line arguments
configure:5517: result: 262144
configure:5528: checking command to parse /usr/bin/nm -B output from gcc object
configure:5624: gcc -c -g -O2  conftest.c >&5
configure:5627: $? = 0
configure:5631: /usr/bin/nm -B conftest.o \| sed -n -e 's/^.*[ 	]\([BCDEGRST][BCDEGRST]*\)[ 	][ 	]*\(\)\([_A-Za-z][_A-Za-z0-9]*\)$/\1 \2\3 \3/p' \> conftest.nm
configure:5634: $? = 0
cannot find nm_test_var in conftest.nm
configure:5624: gcc -c -g -O2  conftest.c >&5
configure:5627: $? = 0
configure:5631: /usr/bin/nm -B conftest.o \| sed -n -e 's/^.*[ 	]\([BCDEGRST][BCDEGRST]*\)[ 	][ 	]*\(_\)\([_A-Za-z][_A-Za-z0-9]*\)$/\1 \2\3 \3/p' \> conftest.nm
configure:5634: $? = 0
configure:5686: gcc -o conftest -g -O2   conftest.c conftstm.o >&5
warning: (arm64)  could not find object file symbol for symbol _main
configure:5689: $? = 0
configure:5727: result: ok
configure:5731: checking for objdir
configure:5746: result: .libs
configure:5836: checking for ar
configure:5852: found /usr/bin/ar
configure:5863: result: ar
configure:5916: checking for ranlib
configure:5932: found /usr/bin/ranlib
configure:5943: result: ranlib
configure:5996: checking for strip
configure:6012: found /usr/bin/strip
configure:6023: result: strip
configure:6287: checking if gcc static flag  works
configure:6310: result: yes
configure:6328: checking if gcc supports -fno-rtti -fno-exceptions
configure:6346: gcc -c -g -O2  -fno-rtti -fno-exceptions conftest.c >&5
configure:6350: $? = 0
configure:6361: result: yes
configure:6376: checking for gcc option to produce PIC
configure:6563: result: -fno-common
configure:6571: checking if gcc PIC flag -fno-common works
configure:6589: gcc -c -g -O2  -fno-common -DPIC conftest.c >&5
configure:6593: $? = 0
configure:6604: result: yes
configure:6628: checking if gcc supports -c -o file.o
configure:6649: gcc -c -g -O2  -o out/conftest2.o conftest.c >&5
configure:6653: $? = 0
configure:6673: result: yes
configure:6699: checking whether the gcc linker (/Applications/Xcode-beta.app/Contents/Developer/Toolchains/XcodeDefault.xctoolchain/usr/bin/ld) supports shared libraries
configure:7548: result: yes
configure:7619: checking dynamic linker characteristics
configure:8159: result: darwin20.1.0 dyld
configure:8163: checking how to hardcode library paths into programs
configure:8188: result: immediate
configure:8202: checking whether stripping libraries is possible
configure:8215: result: yes
configure:9037: checking if libtool supports shared libraries
configure:9039: result: yes
configure:9042: checking whether to build shared libraries
configure:9063: result: yes
configure:9066: checking whether to build static libraries
configure:9070: result: yes
configure:9162: creating libtool
configure:9711: checking for ld used by g++
configure:9778: result: /Applications/Xcode-beta.app/Contents/Developer/Toolchains/XcodeDefault.xctoolchain/usr/bin/ld
configure:9787: checking if the linker (/Applications/Xcode-beta.app/Contents/Developer/Toolchains/XcodeDefault.xctoolchain/usr/bin/ld) is GNU ld
configure:9802: result: no
configure:9853: checking whether the g++ linker (/Applications/Xcode-beta.app/Contents/Developer/Toolchains/XcodeDefault.xctoolchain/usr/bin/ld) supports shared libraries
configure:10720: result: yes
configure:10738: g++ -c -g -O2  conftest.cc >&5
configure:10741: $? = 0
configure:10837: checking for g++ option to produce PIC
configure:11099: result: -fno-common
configure:11107: checking if g++ PIC flag -fno-common works
configure:11125: g++ -c -g -O2  -fno-common -DPIC conftest.cc >&5
configure:11129: $? = 0
configure:11140: result: yes
configure:11164: checking if g++ supports -c -o file.o
configure:11185: g++ -c -g -O2  -o out/conftest2.o conftest.cc >&5
configure:11189: $? = 0
configure:11209: result: yes
configure:11235: checking whether the g++ linker (/Applications/Xcode-beta.app/Contents/Developer/Toolchains/XcodeDefault.xctoolchain/usr/bin/ld) supports shared libraries
configure:11260: result: yes
configure:11331: checking dynamic linker characteristics
configure:11871: result: darwin20.1.0 dyld
configure:11875: checking how to hardcode library paths into programs
configure:11900: result: immediate
configure:11914: checking whether stripping libraries is possible
configure:11927: result: yes
configure:19177: checking whether to enable maintainer-specific portions of Makefiles
configure:19186: result: no
configure:19248: checking for gcc
configure:19274: result: gcc
configure:19518: checking for C compiler version
configure:19521: gcc --version </dev/null >&5
Configured with: --prefix=/Applications/Xcode-beta.app/Contents/Developer/usr --with-gxx-include-dir=/Applications/Xcode-beta.app/Contents/Developer/Platforms/MacOSX.platform/Developer/SDKs/MacOSX.sdk/usr/include/c++/4.2.1
Apple clang version 12.0.0 (clang-1200.0.32.28)
Target: arm64-apple-darwin20.1.0
Thread model: posix
InstalledDir: /Applications/Xcode-beta.app/Contents/Developer/Toolchains/XcodeDefault.xctoolchain/usr/bin
configure:19524: $? = 0
configure:19526: gcc -v </dev/null >&5
Configured with: --prefix=/Applications/Xcode-beta.app/Contents/Developer/usr --with-gxx-include-dir=/Applications/Xcode-beta.app/Contents/Developer/Platforms/MacOSX.platform/Developer/SDKs/MacOSX.sdk/usr/include/c++/4.2.1
Apple clang version 12.0.0 (clang-1200.0.32.28)
Target: arm64-apple-darwin20.1.0
Thread model: posix
InstalledDir: /Applications/Xcode-beta.app/Contents/Developer/Toolchains/XcodeDefault.xctoolchain/usr/bin
configure:19529: $? = 0
configure:19531: gcc -V </dev/null >&5
clang: error: argument to '-V' is missing (expected 1 value)
clang: error: no input files
configure:19534: $? = 1
configure:19537: checking whether we are using the GNU C compiler
configure:19593: result: yes
configure:19599: checking whether gcc accepts -g
configure:19650: result: yes
configure:19667: checking for gcc option to accept ANSI C
configure:19774: result: none needed
configure:19792: gcc -c -g -O2  conftest.c >&5
conftest.c:2:3: error: unknown type name 'choke'
  choke me
  ^
conftest.c:2:11: error: expected ';' after top level declarator
  choke me
          ^
          ;
2 errors generated.
configure:19798: $? = 1
configure: failed program was:
| #ifndef __cplusplus
|   choke me
| #endif
configure:19933: checking dependency style of gcc
configure:20023: result: gcc3
configure:20049: checking for gawk
configure:20075: result: awk
configure:20085: checking for library containing strerror
configure:20115: gcc -o conftest -g -O2 -Wall -Werror-implicit-function-declaration -Wstrict-prototypes -Wmissing-prototypes -Wmissing-declarations   conftest.c  >&5
conftest.c:34:15: warning: this function declaration is not a prototype [-Wstrict-prototypes]
char strerror ();
              ^
               void
conftest.c:34:6: warning: incompatible redeclaration of library function 'strerror' [-Wincompatible-library-redeclaration]
char strerror ();
     ^
conftest.c:34:6: note: 'strerror' is a builtin with type 'char *(int)'
2 warnings generated.
configure:20121: $? = 0
configure:20125: test -z 
			 || test ! -s conftest.err
configure:20128: $? = 0
configure:20131: test -s conftest
configure:20134: $? = 0
configure:20204: result: none required
configure:20211: checking for ANSI C header files
configure:20367: result: no
configure:20378: checking for pgm_init in -lnetpbm
configure:20408: gcc -o conftest -g -O2 -Wall -Werror-implicit-function-declaration -Wstrict-prototypes -Wmissing-prototypes -Wmissing-declarations   conftest.c -lnetpbm   >&5
conftest.c:34:15: warning: this function declaration is not a prototype [-Wstrict-prototypes]
char pgm_init ();
              ^
               void
1 warning generated.
ld: library not found for -lnetpbm
clang: error: linker command failed with exit code 1 (use -v to see invocation)
configure:20414: $? = 1
configure: failed program was:
| /* confdefs.h.  */
| 
| #define PACKAGE_NAME ""
| #define PACKAGE_TARNAME ""
| #define PACKAGE_VERSION ""
| #define PACKAGE_STRING ""
| #define PACKAGE_BUGREPORT ""
| #define GTS_MAJOR_VERSION 0
| #define GTS_MINOR_VERSION 7
| #define GTS_MICRO_VERSION 4
| #define GTS_INTERFACE_AGE 0
| #define GTS_BINARY_AGE 0
| #define HAVE_SYS_TYPES_H 1
| #define HAVE_SYS_STAT_H 1
| #define HAVE_STDLIB_H 1
| #define HAVE_STRING_H 1
| #define HAVE_MEMORY_H 1
| #define HAVE_STRINGS_H 1
| #define HAVE_INTTYPES_H 1
| #define HAVE_STDINT_H 1
| #define HAVE_UNISTD_H 1
| #define HAVE_DLFCN_H 1
| #ifdef __cplusplus
| extern "C" void exit (int);
| #endif
| /* end confdefs.h.  */
| 
| /* Override any gcc2 internal prototype to avoid an error.  */
| #ifdef __cplusplus
| extern "C"
| #endif
| /* We use char because int might match the return type of a gcc2
|    builtin and then its argument prototype would still apply.  */
| char pgm_init ();
| int
| main ()
| {
| pgm_init ();
|   ;
|   return 0;
| }
configure:20440: result: no
configure:20445: WARNING: libnetpbm not found. Some programs will not be available.
configure:20489: checking for pkg-config
configure:20507: found /opt/homebrew/bin/pkg-config
configure:20520: result: /opt/homebrew/bin/pkg-config
configure:20543: checking for GLIB - version >= 2.4.0
configure:20662: gcc -o conftest -g -O2 -Wall -Werror-implicit-function-declaration -Wstrict-prototypes -Wmissing-prototypes -Wmissing-declarations -I/opt/homebrew/Cellar/glib/2.66.2_1/include -I/opt/homebrew/Cellar/glib/2.66.2_1/include/glib-2.0 -I/opt/homebrew/Cellar/glib/2.66.2_1/lib/glib-2.0/include -I/opt/homebrew/opt/gettext/include -I/opt/homebrew/Cellar/pcre/8.44/include   conftest.c -L/opt/homebrew/Cellar/glib/2.66.2_1/lib -L/opt/homebrew/opt/gettext/lib -lgthread-2.0 -lgmodule-2.0 -lglib-2.0 -lintl  >&5
configure:20665: $? = 0
configure:20667: ./conftest
configure:20670: $? = 0
configure:20688: result: yes (version 2.66.2)
configure:21211: gcc -c -g -O2 -Wall -Werror-implicit-function-declaration -Wstrict-prototypes -Wmissing-prototypes -Wmissing-declarations -I/opt/homebrew/Cellar/glib/2.66.2_1/include/glib-2.0 -I/opt/homebrew/Cellar/glib/2.66.2_1/lib/glib-2.0/include -I/opt/homebrew/opt/gettext/include -I/opt/homebrew/Cellar/pcre/8.44/include  conftest.c >&5
conftest.c:31:1: warning: missing terminating '"' character [-Winvalid-pp-token]
"{
^
conftest.c:31:1: error: expected expression
conftest.c:32:13: warning: test [-W#warnings]
           #warning test
            ^
conftest.c:33:3: warning: missing terminating '"' character [-Winvalid-pp-token]
        }"
         ^
conftest.c:33:3: error: expected identifier or '('
conftest.c:35:3: error: expected identifier or '('
  return 0;
  ^
conftest.c:36:1: error: extraneous closing brace ('}')
}
^
3 warnings and 4 errors generated.
configure:21217: $? = 1
configure: failed program was:
| /* confdefs.h.  */
| 
| #define PACKAGE_NAME ""
| #define PACKAGE_TARNAME ""
| #define PACKAGE_VERSION ""
| #define PACKAGE_STRING ""
| #define PACKAGE_BUGREPORT ""
| #define GTS_MAJOR_VERSION 0
| #define GTS_MINOR_VERSION 7
| #define GTS_MICRO_VERSION 4
| #define GTS_INTERFACE_AGE 0
| #define GTS_BINARY_AGE 0
| #define HAVE_SYS_TYPES_H 1
| #define HAVE_SYS_STAT_H 1
| #define HAVE_STDLIB_H 1
| #define HAVE_STRING_H 1
| #define HAVE_MEMORY_H 1
| #define HAVE_STRINGS_H 1
| #define HAVE_INTTYPES_H 1
| #define HAVE_STDINT_H 1
| #define HAVE_UNISTD_H 1
| #define HAVE_DLFCN_H 1
| #ifdef __cplusplus
| extern "C" void exit (int);
| #endif
| /* end confdefs.h.  */
| 
| int
| main ()
| {
| "{
|            #warning test
| 	}"
|   ;
|   return 0;
| }
configure:21241: WARNING: "C preprocessor does not support warning directive."
configure:21261: checking fpu_control.h usability
configure:21273: gcc -c -g -O2 -Wall -Werror-implicit-function-declaration -Wstrict-prototypes -Wmissing-prototypes -Wmissing-declarations -I/opt/homebrew/Cellar/glib/2.66.2_1/include/glib-2.0 -I/opt/homebrew/Cellar/glib/2.66.2_1/lib/glib-2.0/include -I/opt/homebrew/opt/gettext/include -I/opt/homebrew/Cellar/pcre/8.44/include  conftest.c >&5
conftest.c:61:10: fatal error: 'fpu_control.h' file not found
#include <fpu_control.h>
         ^~~~~~~~~~~~~~~
1 error generated.
configure:21279: $? = 1
configure: failed program was:
| /* confdefs.h.  */
| 
| #define PACKAGE_NAME ""
| #define PACKAGE_TARNAME ""
| #define PACKAGE_VERSION ""
| #define PACKAGE_STRING ""
| #define PACKAGE_BUGREPORT ""
| #define GTS_MAJOR_VERSION 0
| #define GTS_MINOR_VERSION 7
| #define GTS_MICRO_VERSION 4
| #define GTS_INTERFACE_AGE 0
| #define GTS_BINARY_AGE 0
| #define HAVE_SYS_TYPES_H 1
| #define HAVE_SYS_STAT_H 1
| #define HAVE_STDLIB_H 1
| #define HAVE_STRING_H 1
| #define HAVE_MEMORY_H 1
| #define HAVE_STRINGS_H 1
| #define HAVE_INTTYPES_H 1
| #define HAVE_STDINT_H 1
| #define HAVE_UNISTD_H 1
| #define HAVE_DLFCN_H 1
| #ifdef __cplusplus
| extern "C" void exit (int);
| #endif
| /* end confdefs.h.  */
| #include <stdio.h>
| #if HAVE_SYS_TYPES_H
| # include <sys/types.h>
| #endif
| #if HAVE_SYS_STAT_H
| # include <sys/stat.h>
| #endif
| #if STDC_HEADERS
| # include <stdlib.h>
| # include <stddef.h>
| #else
| # if HAVE_STDLIB_H
| #  include <stdlib.h>
| # endif
| #endif
| #if HAVE_STRING_H
| # if !STDC_HEADERS && HAVE_MEMORY_H
| #  include <memory.h>
| # endif
| # include <string.h>
| #endif
| #if HAVE_STRINGS_H
| # include <strings.h>
| #endif
| #if HAVE_INTTYPES_H
| # include <inttypes.h>
| #else
| # if HAVE_STDINT_H
| #  include <stdint.h>
| # endif
| #endif
| #if HAVE_UNISTD_H
| # include <unistd.h>
| #endif
| #include <fpu_control.h>
configure:21302: result: no
configure:21306: checking fpu_control.h presence
configure:21316: gcc -E  conftest.c
conftest.c:27:10: fatal error: 'fpu_control.h' file not found
#include <fpu_control.h>
         ^~~~~~~~~~~~~~~
1 error generated.
configure:21322: $? = 1
configure: failed program was:
| /* confdefs.h.  */
| 
| #define PACKAGE_NAME ""
| #define PACKAGE_TARNAME ""
| #define PACKAGE_VERSION ""
| #define PACKAGE_STRING ""
| #define PACKAGE_BUGREPORT ""
| #define GTS_MAJOR_VERSION 0
| #define GTS_MINOR_VERSION 7
| #define GTS_MICRO_VERSION 4
| #define GTS_INTERFACE_AGE 0
| #define GTS_BINARY_AGE 0
| #define HAVE_SYS_TYPES_H 1
| #define HAVE_SYS_STAT_H 1
| #define HAVE_STDLIB_H 1
| #define HAVE_STRING_H 1
| #define HAVE_MEMORY_H 1
| #define HAVE_STRINGS_H 1
| #define HAVE_INTTYPES_H 1
| #define HAVE_STDINT_H 1
| #define HAVE_UNISTD_H 1
| #define HAVE_DLFCN_H 1
| #ifdef __cplusplus
| extern "C" void exit (int);
| #endif
| /* end confdefs.h.  */
| #include <fpu_control.h>
configure:21342: result: no
configure:21377: checking for fpu_control.h
configure:21384: result: no
configure:21414: checking floatingpoint.h usability
configure:21426: gcc -c -g -O2 -Wall -Werror-implicit-function-declaration -Wstrict-prototypes -Wmissing-prototypes -Wmissing-declarations -I/opt/homebrew/Cellar/glib/2.66.2_1/include/glib-2.0 -I/opt/homebrew/Cellar/glib/2.66.2_1/lib/glib-2.0/include -I/opt/homebrew/opt/gettext/include -I/opt/homebrew/Cellar/pcre/8.44/include  conftest.c >&5
conftest.c:61:10: fatal error: 'floatingpoint.h' file not found
#include <floatingpoint.h>
         ^~~~~~~~~~~~~~~~~
1 error generated.
configure:21432: $? = 1
configure: failed program was:
| /* confdefs.h.  */
| 
| #define PACKAGE_NAME ""
| #define PACKAGE_TARNAME ""
| #define PACKAGE_VERSION ""
| #define PACKAGE_STRING ""
| #define PACKAGE_BUGREPORT ""
| #define GTS_MAJOR_VERSION 0
| #define GTS_MINOR_VERSION 7
| #define GTS_MICRO_VERSION 4
| #define GTS_INTERFACE_AGE 0
| #define GTS_BINARY_AGE 0
| #define HAVE_SYS_TYPES_H 1
| #define HAVE_SYS_STAT_H 1
| #define HAVE_STDLIB_H 1
| #define HAVE_STRING_H 1
| #define HAVE_MEMORY_H 1
| #define HAVE_STRINGS_H 1
| #define HAVE_INTTYPES_H 1
| #define HAVE_STDINT_H 1
| #define HAVE_UNISTD_H 1
| #define HAVE_DLFCN_H 1
| #ifdef __cplusplus
| extern "C" void exit (int);
| #endif
| /* end confdefs.h.  */
| #include <stdio.h>
| #if HAVE_SYS_TYPES_H
| # include <sys/types.h>
| #endif
| #if HAVE_SYS_STAT_H
| # include <sys/stat.h>
| #endif
| #if STDC_HEADERS
| # include <stdlib.h>
| # include <stddef.h>
| #else
| # if HAVE_STDLIB_H
| #  include <stdlib.h>
| # endif
| #endif
| #if HAVE_STRING_H
| # if !STDC_HEADERS && HAVE_MEMORY_H
| #  include <memory.h>
| # endif
| # include <string.h>
| #endif
| #if HAVE_STRINGS_H
| # include <strings.h>
| #endif
| #if HAVE_INTTYPES_H
| # include <inttypes.h>
| #else
| # if HAVE_STDINT_H
| #  include <stdint.h>
| # endif
| #endif
| #if HAVE_UNISTD_H
| # include <unistd.h>
| #endif
| #include <floatingpoint.h>
configure:21455: result: no
configure:21459: checking floatingpoint.h presence
configure:21469: gcc -E  conftest.c
conftest.c:27:10: fatal error: 'floatingpoint.h' file not found
#include <floatingpoint.h>
         ^~~~~~~~~~~~~~~~~
1 error generated.
configure:21475: $? = 1
configure: failed program was:
| /* confdefs.h.  */
| 
| #define PACKAGE_NAME ""
| #define PACKAGE_TARNAME ""
| #define PACKAGE_VERSION ""
| #define PACKAGE_STRING ""
| #define PACKAGE_BUGREPORT ""
| #define GTS_MAJOR_VERSION 0
| #define GTS_MINOR_VERSION 7
| #define GTS_MICRO_VERSION 4
| #define GTS_INTERFACE_AGE 0
| #define GTS_BINARY_AGE 0
| #define HAVE_SYS_TYPES_H 1
| #define HAVE_SYS_STAT_H 1
| #define HAVE_STDLIB_H 1
| #define HAVE_STRING_H 1
| #define HAVE_MEMORY_H 1
| #define HAVE_STRINGS_H 1
| #define HAVE_INTTYPES_H 1
| #define HAVE_STDINT_H 1
| #define HAVE_UNISTD_H 1
| #define HAVE_DLFCN_H 1
| #ifdef __cplusplus
| extern "C" void exit (int);
| #endif
| /* end confdefs.h.  */
| #include <floatingpoint.h>
configure:21495: result: no
configure:21530: checking for floatingpoint.h
configure:21537: result: no
configure:21558: checking for unistd.h
configure:21563: result: yes
configure:21720: checking getopt.h usability
configure:21732: gcc -c -g -O2 -Wall -Werror-implicit-function-declaration -Wstrict-prototypes -Wmissing-prototypes -Wmissing-declarations -I/opt/homebrew/Cellar/glib/2.66.2_1/include/glib-2.0 -I/opt/homebrew/Cellar/glib/2.66.2_1/lib/glib-2.0/include -I/opt/homebrew/opt/gettext/include -I/opt/homebrew/Cellar/pcre/8.44/include  conftest.c >&5
configure:21738: $? = 0
configure:21742: test -z 
			 || test ! -s conftest.err
configure:21745: $? = 0
configure:21748: test -s conftest.o
configure:21751: $? = 0
configure:21761: result: yes
configure:21765: checking getopt.h presence
configure:21775: gcc -E  conftest.c
configure:21781: $? = 0
configure:21801: result: yes
configure:21836: checking for getopt.h
configure:21843: result: yes
configure:21864: checking for getopt_long
configure:21921: gcc -o conftest -g -O2 -Wall -Werror-implicit-function-declaration -Wstrict-prototypes -Wmissing-prototypes -Wmissing-declarations -I/opt/homebrew/Cellar/glib/2.66.2_1/include/glib-2.0 -I/opt/homebrew/Cellar/glib/2.66.2_1/lib/glib-2.0/include -I/opt/homebrew/opt/gettext/include -I/opt/homebrew/Cellar/pcre/8.44/include   -L/opt/homebrew/Cellar/glib/2.66.2_1/lib -L/opt/homebrew/opt/gettext/lib -lglib-2.0 -lintl conftest.c  >&5
conftest.c:55:18: warning: this function declaration is not a prototype [-Wstrict-prototypes]
char getopt_long ();
                 ^
                  void
conftest.c:62:11: warning: this function declaration is not a prototype [-Wstrict-prototypes]
char (*f) () = getopt_long;
          ^
           void
2 warnings generated.
configure:21927: $? = 0
configure:21931: test -z 
			 || test ! -s conftest.err
configure:21934: $? = 0
configure:21937: test -s conftest
configure:21940: $? = 0
configure:21952: result: yes
configure:22102: creating ./config.status

## ---------------------- ##
## Running config.status. ##
## ---------------------- ##

This file was extended by config.status, which was
generated by GNU Autoconf 2.59.  Invocation command line was

  CONFIG_FILES    = 
  CONFIG_HEADERS  = 
  CONFIG_LINKS    = 
  CONFIG_COMMANDS = 
  $ ./config.status 

on Chriss-Air

config.status:760: creating Makefile
config.status:760: creating gts.pc
config.status:760: creating gts.spec
config.status:760: creating src/Makefile
config.status:760: creating src/gts-config
config.status:760: creating tools/Makefile
config.status:760: creating doc/Makefile
config.status:760: creating examples/Makefile
config.status:760: creating test/Makefile
config.status:760: creating test/boolean/Makefile
config.status:760: creating test/delaunay/Makefile
config.status:760: creating test/coarsen/Makefile
config.status:864: creating config.h
config.status:982: config.h is unchanged
config.status:1162: executing depfiles commands
config.status:1162: executing default-1 commands

## ---------------- ##
## Cache variables. ##
## ---------------- ##

ac_cv_build=arm-apple-darwin20.1.0
ac_cv_build_alias=arm-apple-darwin20.1.0
ac_cv_c_compiler_gnu=yes
ac_cv_cxx_compiler_gnu=yes
ac_cv_env_CC_set=''
ac_cv_env_CC_value=''
ac_cv_env_CFLAGS_set=''
ac_cv_env_CFLAGS_value=''
ac_cv_env_CPPFLAGS_set=''
ac_cv_env_CPPFLAGS_value=''
ac_cv_env_CPP_set=''
ac_cv_env_CPP_value=''
ac_cv_env_CXXCPP_set=''
ac_cv_env_CXXCPP_value=''
ac_cv_env_CXXFLAGS_set=''
ac_cv_env_CXXFLAGS_value=''
ac_cv_env_CXX_set=''
ac_cv_env_CXX_value=''
ac_cv_env_F77_set=''
ac_cv_env_F77_value=''
ac_cv_env_FFLAGS_set=''
ac_cv_env_FFLAGS_value=''
ac_cv_env_LDFLAGS_set=''
ac_cv_env_LDFLAGS_value=''
ac_cv_env_build_alias_set=''
ac_cv_env_build_alias_value=''
ac_cv_env_host_alias_set=''
ac_cv_env_host_alias_value=''
ac_cv_env_target_alias_set=''
ac_cv_env_target_alias_value=''
ac_cv_exeext=''
ac_cv_f77_compiler_gnu=no
ac_cv_func_getopt_long=yes
ac_cv_header_dlfcn_h=yes
ac_cv_header_floatingpoint_h=no
ac_cv_header_fpu_control_h=no
ac_cv_header_getopt_h=yes
ac_cv_header_inttypes_h=yes
ac_cv_header_memory_h=yes
ac_cv_header_stdc=no
ac_cv_header_stdint_h=yes
ac_cv_header_stdlib_h=yes
ac_cv_header_string_h=yes
ac_cv_header_strings_h=yes
ac_cv_header_sys_stat_h=yes
ac_cv_header_sys_types_h=yes
ac_cv_header_unistd_h=yes
ac_cv_host=arm-apple-darwin20.1.0
ac_cv_host_alias=arm-apple-darwin20.1.0
ac_cv_lib_netpbm_pgm_init=no
ac_cv_objext=o
ac_cv_path_PKG_CONFIG=/opt/homebrew/bin/pkg-config
ac_cv_path_install='/usr/bin/install -c'
ac_cv_prog_AWK=awk
ac_cv_prog_CPP='gcc -E'
ac_cv_prog_CXXCPP='g++ -E'
ac_cv_prog_ac_ct_AR=ar
ac_cv_prog_ac_ct_CC=gcc
ac_cv_prog_ac_ct_CXX=g++
ac_cv_prog_ac_ct_RANLIB=ranlib
ac_cv_prog_ac_ct_STRIP=strip
ac_cv_prog_cc_g=yes
ac_cv_prog_cc_stdc=''
ac_cv_prog_cxx_g=yes
ac_cv_prog_egrep='grep -E'
ac_cv_prog_f77_g=no
ac_cv_prog_make_make_set=yes
ac_cv_search_strerror='none required'
am_cv_CC_dependencies_compiler_type=gcc3
am_cv_CXX_dependencies_compiler_type=gcc3
lt_cv_deplibs_check_method=pass_all
lt_cv_file_magic_cmd='$MAGIC_CMD'
lt_cv_file_magic_test_file=''
lt_cv_ld_reload_flag=-r
lt_cv_objdir=.libs
lt_cv_path_LD=/Applications/Xcode-beta.app/Contents/Developer/Toolchains/XcodeDefault.xctoolchain/usr/bin/ld
lt_cv_path_LDCXX=/Applications/Xcode-beta.app/Contents/Developer/Toolchains/XcodeDefault.xctoolchain/usr/bin/ld
lt_cv_path_NM='/usr/bin/nm -B'
lt_cv_path_SED=/usr/bin/sed
lt_cv_prog_compiler_c_o=yes
lt_cv_prog_compiler_c_o_CXX=yes
lt_cv_prog_compiler_rtti_exceptions=yes
lt_cv_prog_gnu_ld=no
lt_cv_prog_gnu_ldcxx=no
lt_cv_sys_global_symbol_pipe=$'sed -n -e \'s/^.*[ \t]\\([BCDEGRST][BCDEGRST]*\\)[ \t][ \t]*\\(_\\)\\([_A-Za-z][_A-Za-z0-9]*\\)$/\\1 \\2\\3 \\3/p\''
lt_cv_sys_global_symbol_to_c_name_address=$'sed -n -e \'s/^: \\([^ ]*\\) $/  {\\"\\1\\", (lt_ptr) 0},/p\' -e \'s/^[BCDEGRST] \\([^ ]*\\) \\([^ ]*\\)$/  {"\\2", (lt_ptr) \\&\\2},/p\''
lt_cv_sys_global_symbol_to_cdecl=$'sed -n -e \'s/^. .* \\(.*\\)$/extern int \\1;/p\''
lt_cv_sys_max_cmd_len=262144
lt_lt_cv_prog_compiler_c_o='"yes"'
lt_lt_cv_prog_compiler_c_o_CXX='"yes"'
lt_lt_cv_sys_global_symbol_pipe=$'"sed -n -e \'s/^.*[ \t]\\\\([BCDEGRST][BCDEGRST]*\\\\)[ \t][ \t]*\\\\(_\\\\)\\\\([_A-Za-z][_A-Za-z0-9]*\\\\)\\$/\\\\1 \\\\2\\\\3 \\\\3/p\'"'
lt_lt_cv_sys_global_symbol_to_c_name_address=$'"sed -n -e \'s/^: \\\\([^ ]*\\\\) \\$/  {\\\\\\"\\\\1\\\\\\", (lt_ptr) 0},/p\' -e \'s/^[BCDEGRST] \\\\([^ ]*\\\\) \\\\([^ ]*\\\\)\\$/  {\\"\\\\2\\", (lt_ptr) \\\\&\\\\2},/p\'"'
lt_lt_cv_sys_global_symbol_to_cdecl=$'"sed -n -e \'s/^. .* \\\\(.*\\\\)\\$/extern int \\\\1;/p\'"'

## ----------------- ##
## Output variables. ##
## ----------------- ##

ACLOCAL='${SHELL} /Users/chrisrorden/src/afni/src/SUMA/gts/missing --run aclocal-1.9'
AMDEPBACKSLASH='\'
AMDEP_FALSE='#'
AMDEP_TRUE=''
AMTAR='${SHELL} /Users/chrisrorden/src/afni/src/SUMA/gts/missing --run tar'
AR='ar'
AUTOCONF='${SHELL} /Users/chrisrorden/src/afni/src/SUMA/gts/missing --run autoconf'
AUTOHEADER='${SHELL} /Users/chrisrorden/src/afni/src/SUMA/gts/missing --run autoheader'
AUTOMAKE='${SHELL} /Users/chrisrorden/src/afni/src/SUMA/gts/missing --run automake-1.9'
AWK='awk'
CC='gcc'
CCDEPMODE='depmode=gcc3'
CFLAGS='-g -O2 -Wall -Werror-implicit-function-declaration -Wstrict-prototypes -Wmissing-prototypes -Wmissing-declarations -I/opt/homebrew/Cellar/glib/2.66.2_1/include/glib-2.0 -I/opt/homebrew/Cellar/glib/2.66.2_1/lib/glib-2.0/include -I/opt/homebrew/opt/gettext/include -I/opt/homebrew/Cellar/pcre/8.44/include'
CPP='gcc -E'
CPPFLAGS=''
CXX='g++'
CXXCPP='g++ -E'
CXXDEPMODE='depmode=gcc3'
CXXFLAGS='-g -O2'
CYGPATH_W='echo'
DEFS='-DHAVE_CONFIG_H'
DEPDIR='.deps'
ECHO='echo'
ECHO_C=''
ECHO_N='-n'
ECHO_T=''
EGREP='grep -E'
EXEEXT=''
F77=''
FFLAGS=''
GLIB_CFLAGS='-I/opt/homebrew/Cellar/glib/2.66.2_1/include -I/opt/homebrew/Cellar/glib/2.66.2_1/include/glib-2.0 -I/opt/homebrew/Cellar/glib/2.66.2_1/lib/glib-2.0/include -I/opt/homebrew/opt/gettext/include -I/opt/homebrew/Cellar/pcre/8.44/include'
GLIB_CONFIG=''
GLIB_DEPLIBS='-L/opt/homebrew/Cellar/glib/2.66.2_1/lib -L/opt/homebrew/opt/gettext/lib -lglib-2.0 -lintl'
GLIB_GENMARSHAL='/opt/homebrew/Cellar/glib/2.66.2_1/bin/glib-genmarshal'
GLIB_LIBS='-L/opt/homebrew/Cellar/glib/2.66.2_1/lib -L/opt/homebrew/opt/gettext/lib -lglib-2.0 -lintl'
GLIB_MKENUMS='/opt/homebrew/Cellar/glib/2.66.2_1/bin/glib-mkenums'
GOBJECT_QUERY='/opt/homebrew/Cellar/glib/2.66.2_1/bin/gobject-query'
GTS_MAJOR_VERSION='0'
GTS_MICRO_VERSION='4'
GTS_MINOR_VERSION='7'
GTS_VERSION='0.7.4'
HAS_NETPBM_FALSE=''
HAS_NETPBM_TRUE='#'
INSTALL_DATA='${INSTALL} -m 644'
INSTALL_PROGRAM='${INSTALL}'
INSTALL_SCRIPT='${INSTALL}'
INSTALL_STRIP_PROGRAM='${SHELL} $(install_sh) -c -s'
LDFLAGS=' -L/opt/homebrew/Cellar/glib/2.66.2_1/lib -L/opt/homebrew/opt/gettext/lib -lglib-2.0 -lintl'
LIBOBJS=''
LIBS=''
LIBTOOL='$(SHELL) $(top_builddir)/libtool'
LN_S='ln -s'
LTLIBOBJS=''
LT_AGE='0'
LT_CURRENT='4'
LT_RELEASE='0.7'
LT_REVISION='0'
MAINT='#'
MAINTAINER_MODE_FALSE=''
MAINTAINER_MODE_TRUE='#'
MAKEINFO='${SHELL} /Users/chrisrorden/src/afni/src/SUMA/gts/missing --run makeinfo'
OBJEXT='o'
PACKAGE='gts'
PACKAGE_BUGREPORT=''
PACKAGE_NAME=''
PACKAGE_STRING=''
PACKAGE_TARNAME=''
PACKAGE_VERSION=''
PATH_SEPARATOR=':'
PKG_CONFIG='/opt/homebrew/bin/pkg-config'
RANLIB='ranlib'
SET_MAKE=''
SHELL='/bin/ksh'
STRIP='strip'
VERSION='0.7.4'
ac_ct_AR='ar'
ac_ct_CC='gcc'
ac_ct_CXX='g++'
ac_ct_F77=''
ac_ct_RANLIB='ranlib'
ac_ct_STRIP='strip'
am__fastdepCC_FALSE='#'
am__fastdepCC_TRUE=''
am__fastdepCXX_FALSE='#'
am__fastdepCXX_TRUE=''
am__include='include'
am__leading_dot='.'
am__quote=''
am__tar='${AMTAR} chof - "$$tardir"'
am__untar='${AMTAR} xf -'
bindir='${exec_prefix}/bin'
build='arm-apple-darwin20.1.0'
build_alias=''
build_cpu='arm'
build_os='darwin20.1.0'
build_vendor='apple'
datadir='${prefix}/share'
exec_prefix='${prefix}'
glib_cflags='-I/opt/homebrew/Cellar/glib/2.66.2_1/include/glib-2.0 -I/opt/homebrew/Cellar/glib/2.66.2_1/lib/glib-2.0/include -I/opt/homebrew/opt/gettext/include -I/opt/homebrew/Cellar/pcre/8.44/include'
glib_libs='-L/opt/homebrew/Cellar/glib/2.66.2_1/lib -L/opt/homebrew/opt/gettext/lib -lglib-2.0 -lintl'
glib_module_cflags='-I/opt/homebrew/Cellar/glib/2.66.2_1/include -I/opt/homebrew/Cellar/glib/2.66.2_1/include/glib-2.0 -I/opt/homebrew/Cellar/glib/2.66.2_1/lib/glib-2.0/include -I/opt/homebrew/opt/gettext/include -I/opt/homebrew/Cellar/pcre/8.44/include'
glib_module_libs='-L/opt/homebrew/Cellar/glib/2.66.2_1/lib -L/opt/homebrew/opt/gettext/lib -lgmodule-2.0 -lglib-2.0 -lintl'
glib_thread_cflags='-I/opt/homebrew/Cellar/glib/2.66.2_1/include -I/opt/homebrew/Cellar/glib/2.66.2_1/include/glib-2.0 -I/opt/homebrew/Cellar/glib/2.66.2_1/lib/glib-2.0/include -I/opt/homebrew/opt/gettext/include -I/opt/homebrew/Cellar/pcre/8.44/include'
glib_thread_libs='-L/opt/homebrew/Cellar/glib/2.66.2_1/lib -L/opt/homebrew/opt/gettext/lib -lgthread-2.0 -lglib-2.0 -lintl'
host='arm-apple-darwin20.1.0'
host_alias=''
host_cpu='arm'
host_os='darwin20.1.0'
host_vendor='apple'
includedir='/usr/include/netpbm'
infodir='${prefix}/info'
install_sh='/Users/chrisrorden/src/afni/src/SUMA/gts/install-sh'
libdir='${exec_prefix}/lib'
libexecdir='${exec_prefix}/libexec'
localstatedir='${prefix}/var'
mandir='${prefix}/man'
mkdir_p='$(mkinstalldirs)'
oldincludedir='/usr/include'
prefix='/usr/local'
program_transform_name='s,x,x,'
sbindir='${exec_prefix}/sbin'
sharedstatedir='${prefix}/com'
sysconfdir='${prefix}/etc'
target_alias=''

## ----------- ##
## confdefs.h. ##
## ----------- ##

#define GTS_BINARY_AGE 0
#define GTS_INTERFACE_AGE 0
#define GTS_MAJOR_VERSION 0
#define GTS_MICRO_VERSION 4
#define GTS_MINOR_VERSION 7
#define HAVE_DLFCN_H 1
#define HAVE_GETOPT_H 1
#define HAVE_GETOPT_H 1
#define HAVE_GETOPT_LONG 1
#define HAVE_INTTYPES_H 1
#define HAVE_MEMORY_H 1
#define HAVE_STDINT_H 1
#define HAVE_STDLIB_H 1
#define HAVE_STRINGS_H 1
#define HAVE_STRING_H 1
#define HAVE_SYS_STAT_H 1
#define HAVE_SYS_TYPES_H 1
#define HAVE_UNISTD_H 1
#define HAVE_UNISTD_H 1
#define HAVE_UNISTD_H 1
#define PACKAGE_BUGREPORT ""
#define PACKAGE_NAME ""
#define PACKAGE_STRING ""
#define PACKAGE_TARNAME ""
#define PACKAGE_VERSION ""
#endif
#ifdef __cplusplus
extern "C" void exit (int);

configure: exit 0

## ---------------------- ##
## Running config.status. ##
## ---------------------- ##

This file was extended by config.status, which was
generated by GNU Autoconf 2.59.  Invocation command line was

  CONFIG_FILES    = 
  CONFIG_HEADERS  = 
  CONFIG_LINKS    = 
  CONFIG_COMMANDS = 
  $ ./config.status src/gts-config

on Chriss-Air

config.status:760: creating src/gts-config
